<?xml version="1.0" encoding="UTF-8"?>
<!-- Generated by org.testng.reporters.JUnitXMLReporter -->
<testsuite ignored="0" hostname="DESKTOP-MLOUV3A" failures="1" tests="1" name="FirefoxTest" time="18.338" errors="0" timestamp="2022-08-09T00:02:28 IST">
  <testcase classname="Test_Package.Listener_with_PropertyFile" name="ValidateTC" time="0.168">
    <failure type="java.lang.AssertionError" message="TC is Failed due to actual User Id is not matching with expected UserID did not expect [CPN469] but found [CPN469]">
      <![CDATA[java.lang.AssertionError: TC is Failed due to actual User Id is not matching with expected UserID did not expect [CPN469] but found [CPN469]
at Test_Package.Listener_with_PropertyFile.ValidateTC(Listener_with_PropertyFile.java:54)
at java.base/java.util.ArrayList.forEach(ArrayList.java:1541)
... Removed 31 stack frames]]>
    </failure>
  </testcase> <!-- ValidateTC -->
</testsuite> <!-- FirefoxTest -->
