<?xml version="1.0" encoding="UTF-8"?>
<!-- Generated by org.testng.reporters.JUnitXMLReporter -->
<testsuite ignored="0" hostname="DESKTOP-MLOUV3A" failures="2" tests="6" name="Test" time="0.171" errors="0" timestamp="2022-08-05T18:29:34 IST">
  <testcase classname="Listeners_Study.Listener_Test2" name="Test2" time="0.016">
    <failure type="java.lang.AssertionError" message="null">
      <![CDATA[java.lang.AssertionError: null
at Listeners_Study.Listener_Test2.Test2(Listener_Test2.java:18)
at java.base/java.util.ArrayList.forEach(ArrayList.java:1541)
... Removed 29 stack frames]]>
    </failure>
  </testcase> <!-- Test2 -->
  <testcase classname="Listeners_Study.Listener_Test2" name="Test1" time="0.002"/>
  <testcase classname="Listeners_Study.Listener_Test2" name="Test3" time="0.0">
    <skipped/>
  </testcase> <!-- Test3 -->
  <testcase classname="Listeners_Study.Listener_Test3" name="Test4" time="0.005"/>
  <testcase classname="Listeners_Study.Listener_Test3" name="Test5" time="0.013">
    <failure type="java.lang.AssertionError" message="null">
      <![CDATA[java.lang.AssertionError: null
at Listeners_Study.Listener_Test3.Test5(Listener_Test3.java:18)
at java.base/java.util.ArrayList.forEach(ArrayList.java:1541)
... Removed 29 stack frames]]>
    </failure>
  </testcase> <!-- Test5 -->
  <testcase classname="Listeners_Study.Listener_Test3" name="Test6" time="0.008"/>
</testsuite> <!-- Test -->
